20180903 10:03:59 INFO  Init mysql success... - main.cpp:147
20180903 10:03:59 INFO  Init UserManager success... - main.cpp:152
20180903 10:03:59 INFO  chatserver initialization complete. - main.cpp:161
20180903 10:04:15 INFO  TcpServer::newConnection [ZYL-MYIMSERVER] - new connection [ZYL-MYIMSERVER:0.0.0.0:52822#1] from 120.236.177.88:65312 - tcpserver.cpp:74
20180903 10:04:15 DEBUG TcpConnection TcpConnection::ctor[ZYL-MYIMSERVER:0.0.0.0:52822#1] at 0x1D0D920 fd=22 - tcpconnection.cpp:46
20180903 10:04:15 INFO  Request from client: userid=0, cmd=1001, seq=0, data={"username": "22222222222", "nickname": "222", "password": "222"}, datalength=65, packageBodySize=80 - ClientSession.cpp:127
20180903 10:04:15 INFO  Response to client: cmd=msg_type_register, userid=0, data={"code": 0, "msg": "ok"} - ClientSession.cpp:347
20180903 10:04:16 INFO  Session is invalid, userid=0 - IMServer.cpp:95
20180903 10:04:16 INFO  client disconnected: 120.236.177.88:65312 - IMServer.cpp:103
20180903 10:04:16 INFO  current online user count: 0 - IMServer.cpp:108
20180903 10:04:16 INFO  TcpServer::removeConnectionInLoop [ZYL-MYIMSERVER] - connection ZYL-MYIMSERVER:0.0.0.0:52822#1 - tcpserver.cpp:103
20180903 10:04:16 DEBUG ~TcpConnection TcpConnection::dtor[ZYL-MYIMSERVER:0.0.0.0:52822#1] at 0x1D0D920 fd=22 state=kDisconnected - tcpconnection.cpp:52
20180903 10:04:16 ERROR Bad file descriptor (errno=9) sockets::close - sockets.cpp:272
20180903 10:04:16 INFO  TcpServer::newConnection [ZYL-MYIMSERVER] - new connection [ZYL-MYIMSERVER:0.0.0.0:52822#2] from 120.236.177.88:17931 - tcpserver.cpp:74
20180903 10:04:16 DEBUG TcpConnection TcpConnection::ctor[ZYL-MYIMSERVER:0.0.0.0:52822#2] at 0x1D0D920 fd=22 - tcpconnection.cpp:46
20180903 10:04:16 INFO  Request from client: userid=0, cmd=1002, seq=0, data={"username": "22222222222", "password": "222", "clienttype": 1, "status": 1}, datalength=76, packageBodySize=91 - ClientSession.cpp:127
20180903 10:04:16 INFO  Response to client: cmd=msg_type_login, data={"code": 0, "msg": "ok", "userid": 2,"username":"22222222222", "nickname":"222", "facetype": 0, "customface":"", "gender":0, "birthday":0, "signature":"", "address": "", "phonenumber": "", "mail":""}, userid=2 - ClientSession.cpp:420
20180903 10:04:16 INFO  get notify msg cache, userid: 2, m_mapNotifyMsgCache.size(): 0, cached size: 0 - MsgCacheManager.cpp:48
20180903 10:04:16 INFO  get chat msg cache, userid: 2, m_listChatMsgCache.size(): 0, cached size: 0 - MsgCacheManager.cpp:80
20180903 10:04:16 INFO  Request from client: userid=2, cmd=1003, seq=0, data=, datalength=0, packageBodySize=15 - ClientSession.cpp:127
20180903 10:04:16 INFO  Response to client: userid=2, cmd=msg_type_getofriendlist, data={"code": 0, "msg": "ok", "userinfo":[{"teamindex": 0, "teamname" : "My Friends", "members" : []}]} - ClientSession.cpp:541
20180903 10:04:22 INFO  Request from client: userid=2, cmd=1009, seq=1, data={"groupname": "world", "type": 0}, datalength=33, packageBodySize=48 - ClientSession.cpp:127
20180903 10:04:22 INFO  Response to client: userid=2, cmd=msg_type_creategroup, data={"code": 0, "msg": "ok", "groupid":268435457, "groupname": "world"} - ClientSession.cpp:960
20180903 10:04:22 INFO  Response to client: userid=2, cmd=msg_type_addfriend, data={"userid": 268435457, "type": 3, "username": "world", "accept": 1} - ClientSession.cpp:967
20180903 10:04:22 INFO  Request from client: userid=2, cmd=1003, seq=2, data=, datalength=0, packageBodySize=15 - ClientSession.cpp:127
20180903 10:04:22 INFO  Response to client: userid=2, cmd=msg_type_getofriendlist, data={"code": 0, "msg": "ok", "userinfo":[{"teamindex": 0, "teamname" : "My Friends", "members" : [{"userid": 268435457,"username":"world", "nickname":"world", "facetype": 0, "customface":"", "gender":0, "birthday":0, "signature":"", "address": "", "phonenumber": "", "mail":"", "clienttype":1, "status":1}]}]} - ClientSession.cpp:541
20180903 10:04:22 INFO  Request from client: userid=2, cmd=1010, seq=3, data={"groupid": 268435457}, datalength=22, packageBodySize=37 - ClientSession.cpp:127
20180903 10:04:22 INFO  Response to client: userid=2, cmd=msg_type_getgroupmembers, data={"code": 0, "msg": "ok", "groupid": 268435457, "members":[{"userid": 2, "username":"22222222222", "nickname":"222", "facetype": 0, "customface":"", "gender":0, "birthday":0, "signature":"", "address": "", "phonenumber": "", "mail":"", "clienttype": 1, "status":1}]} - ClientSession.cpp:1019
20180903 10:04:37 INFO  Request from client: userid=2, cmd=1004, seq=4, data={"type": 2, "username": "268435457"}, datalength=36, packageBodySize=51 - ClientSession.cpp:127
20180903 10:04:37 INFO  Response to client: userid = 2, cmd=msg_type_finduser, data={ "code": 0, "msg": "ok", "userinfo": [{"userid": 268435457, "username": "268435457", "nickname": "world", "facetype":0}] } - ClientSession.cpp:639
20180903 10:04:45 INFO  Request from client: userid=2, cmd=1004, seq=5, data={"type": 2, "username": "268435456"}, datalength=36, packageBodySize=51 - ClientSession.cpp:127
20180903 10:04:45 INFO  Response to client: userid = 2, cmd=msg_type_finduser, data={ "code": 0, "msg": "ok", "userinfo": [{"userid": 268435456, "username": "268435456", "nickname": "hello", "facetype":0}] } - ClientSession.cpp:639
20180903 10:04:46 INFO  Request from client: userid=2, cmd=1005, seq=6, data={"userid": 268435456, "type": 1}, datalength=32, packageBodySize=47 - ClientSession.cpp:127
20180903 10:04:46 INFO  Response to client: cmd=msg_type_addfriend, data={"userid": 268435456, "type": 3, "username": "hello", "accept": 3}, userid=2 - ClientSession.cpp:777
20180903 10:04:46 INFO  Send to client: userid=2, cmd=msg_type_userstatuschange, data={"type": 3} - ClientSession.cpp:1055
20180903 10:04:46 INFO  Request from client: userid=2, cmd=1003, seq=7, data=, datalength=0, packageBodySize=15 - ClientSession.cpp:127
20180903 10:04:46 INFO  Response to client: userid=2, cmd=msg_type_getofriendlist, data={"code": 0, "msg": "ok", "userinfo":[{"teamindex": 0, "teamname" : "My Friends", "members" : [{"userid": 268435456,"username":"hello", "nickname":"hello", "facetype": 0, "customface":"", "gender":0, "birthday":0, "signature":"", "address": "", "phonenumber": "", "mail":"", "clienttype":1, "status":1},{"userid": 268435457,"username":"world", "nickname":"world", "facetype": 0, "customface":"", "gender":0, "birthday":0, "signature":"", "address": "", "phonenumber": "", "mail":"", "clienttype":1, "status":1}]}]} - ClientSession.cpp:541
20180903 10:04:46 INFO  Request from client: userid=2, cmd=1003, seq=8, data=, datalength=0, packageBodySize=15 - ClientSession.cpp:127
20180903 10:04:46 INFO  Response to client: userid=2, cmd=msg_type_getofriendlist, data={"code": 0, "msg": "ok", "userinfo":[{"teamindex": 0, "teamname" : "My Friends", "members" : [{"userid": 268435456,"username":"hello", "nickname":"hello", "facetype": 0, "customface":"", "gender":0, "birthday":0, "signature":"", "address": "", "phonenumber": "", "mail":"", "clienttype":1, "status":1},{"userid": 268435457,"username":"world", "nickname":"world", "facetype": 0, "customface":"", "gender":0, "birthday":0, "signature":"", "address": "", "phonenumber": "", "mail":"", "clienttype":1, "status":1}]}]} - ClientSession.cpp:541
20180903 10:04:46 INFO  Request from client: userid=2, cmd=1010, seq=9, data={"groupid": 268435456}, datalength=22, packageBodySize=37 - ClientSession.cpp:127
20180903 10:04:46 INFO  Response to client: userid=2, cmd=msg_type_getgroupmembers, data={"code": 0, "msg": "ok", "groupid": 268435456, "members":[{"userid": 1, "username":"11111111111", "nickname":"111", "facetype": 0, "customface":"", "gender":0, "birthday":0, "signature":"", "address": "", "phonenumber": "", "mail":"", "clienttype": 1, "status":0},{"userid": 2, "username":"22222222222", "nickname":"222", "facetype": 0, "customface":"", "gender":0, "birthday":0, "signature":"", "address": "", "phonenumber": "", "mail":"", "clienttype": 1, "status":1}]} - ClientSession.cpp:1019
20180903 10:04:46 INFO  Request from client: userid=2, cmd=1010, seq=10, data={"groupid": 268435457}, datalength=22, packageBodySize=37 - ClientSession.cpp:127
20180903 10:04:46 INFO  Response to client: userid=2, cmd=msg_type_getgroupmembers, data={"code": 0, "msg": "ok", "groupid": 268435457, "members":[{"userid": 2, "username":"22222222222", "nickname":"222", "facetype": 0, "customface":"", "gender":0, "birthday":0, "signature":"", "address": "", "phonenumber": "", "mail":"", "clienttype": 1, "status":1}]} - ClientSession.cpp:1019
20180903 10:04:46 INFO  Request from client: userid=2, cmd=1010, seq=11, data={"groupid": 268435456}, datalength=22, packageBodySize=37 - ClientSession.cpp:127
20180903 10:04:46 INFO  Response to client: userid=2, cmd=msg_type_getgroupmembers, data={"code": 0, "msg": "ok", "groupid": 268435456, "members":[{"userid": 1, "username":"11111111111", "nickname":"111", "facetype": 0, "customface":"", "gender":0, "birthday":0, "signature":"", "address": "", "phonenumber": "", "mail":"", "clienttype": 1, "status":0},{"userid": 2, "username":"22222222222", "nickname":"222", "facetype": 0, "customface":"", "gender":0, "birthday":0, "signature":"", "address": "", "phonenumber": "", "mail":"", "clienttype": 1, "status":1}]} - ClientSession.cpp:1019
20180903 10:04:47 INFO  Request from client: userid=2, cmd=1010, seq=12, data={"groupid": 268435457}, datalength=22, packageBodySize=37 - ClientSession.cpp:127
20180903 10:04:47 INFO  Response to client: userid=2, cmd=msg_type_getgroupmembers, data={"code": 0, "msg": "ok", "groupid": 268435457, "members":[{"userid": 2, "username":"22222222222", "nickname":"222", "facetype": 0, "customface":"", "gender":0, "birthday":0, "signature":"", "address": "", "phonenumber": "", "mail":"", "clienttype": 1, "status":1}]} - ClientSession.cpp:1019
20180903 10:04:51 INFO  Request from client: userid=2, cmd=1003, seq=13, data=, datalength=0, packageBodySize=15 - ClientSession.cpp:127
20180903 10:04:51 INFO  Response to client: userid=2, cmd=msg_type_getofriendlist, data={"code": 0, "msg": "ok", "userinfo":[{"teamindex": 0, "teamname" : "My Friends", "members" : [{"userid": 268435456,"username":"hello", "nickname":"hello", "facetype": 0, "customface":"", "gender":0, "birthday":0, "signature":"", "address": "", "phonenumber": "", "mail":"", "clienttype":1, "status":1},{"userid": 268435457,"username":"world", "nickname":"world", "facetype": 0, "customface":"", "gender":0, "birthday":0, "signature":"", "address": "", "phonenumber": "", "mail":"", "clienttype":1, "status":1}]}]} - ClientSession.cpp:541
20180903 10:04:51 INFO  Request from client: userid=2, cmd=1010, seq=14, data={"groupid": 268435456}, datalength=22, packageBodySize=37 - ClientSession.cpp:127
20180903 10:04:51 INFO  Response to client: userid=2, cmd=msg_type_getgroupmembers, data={"code": 0, "msg": "ok", "groupid": 268435456, "members":[{"userid": 1, "username":"11111111111", "nickname":"111", "facetype": 0, "customface":"", "gender":0, "birthday":0, "signature":"", "address": "", "phonenumber": "", "mail":"", "clienttype": 1, "status":0},{"userid": 2, "username":"22222222222", "nickname":"222", "facetype": 0, "customface":"", "gender":0, "birthday":0, "signature":"", "address": "", "phonenumber": "", "mail":"", "clienttype": 1, "status":1}]} - ClientSession.cpp:1019
20180903 10:04:51 INFO  Request from client: userid=2, cmd=1010, seq=15, data={"groupid": 268435457}, datalength=22, packageBodySize=37 - ClientSession.cpp:127
20180903 10:04:51 INFO  Response to client: userid=2, cmd=msg_type_getgroupmembers, data={"code": 0, "msg": "ok", "groupid": 268435457, "members":[{"userid": 2, "username":"22222222222", "nickname":"222", "facetype": 0, "customface":"", "gender":0, "birthday":0, "signature":"", "address": "", "phonenumber": "", "mail":"", "clienttype": 1, "status":1}]} - ClientSession.cpp:1019
20180903 10:04:59 INFO  TcpServer::newConnection [ZYL-MYIMSERVER] - new connection [ZYL-MYIMSERVER:0.0.0.0:52822#3] from 120.236.177.88:289 - tcpserver.cpp:74
20180903 10:04:59 DEBUG TcpConnection TcpConnection::ctor[ZYL-MYIMSERVER:0.0.0.0:52822#3] at 0x1D0E5E0 fd=23 - tcpconnection.cpp:46
20180903 10:04:59 INFO  Request from client: userid=0, cmd=1002, seq=0, data={"username": "11111111111", "password": "111", "clienttype": 1, "status": 1}, datalength=76, packageBodySize=91 - ClientSession.cpp:127
20180903 10:04:59 INFO  Response to client: cmd=msg_type_login, data={"code": 0, "msg": "ok", "userid": 1,"username":"11111111111", "nickname":"111", "facetype": 0, "customface":"", "gender":0, "birthday":0, "signature":"", "address": "", "phonenumber": "", "mail":""}, userid=1 - ClientSession.cpp:420
20180903 10:04:59 INFO  get notify msg cache, userid: 1, m_mapNotifyMsgCache.size(): 0, cached size: 0 - MsgCacheManager.cpp:48
20180903 10:04:59 INFO  get chat msg cache, userid: 1, m_listChatMsgCache.size(): 0, cached size: 0 - MsgCacheManager.cpp:80
20180903 10:04:59 INFO  Request from client: userid=1, cmd=1003, seq=0, data=, datalength=0, packageBodySize=15 - ClientSession.cpp:127
20180903 10:04:59 INFO  Response to client: userid=1, cmd=msg_type_getofriendlist, data={"code": 0, "msg": "ok", "userinfo":[{"teamindex": 0, "teamname" : "My Friends", "members" : [{"userid": 268435456,"username":"hello", "nickname":"hello", "facetype": 0, "customface":"", "gender":0, "birthday":0, "signature":"", "address": "", "phonenumber": "", "mail":"", "clienttype":1, "status":1}]}]} - ClientSession.cpp:541
20180903 10:04:59 INFO  Request from client: userid=1, cmd=1010, seq=1, data={"groupid": 268435456}, datalength=22, packageBodySize=37 - ClientSession.cpp:127
20180903 10:04:59 INFO  Response to client: userid=1, cmd=msg_type_getgroupmembers, data={"code": 0, "msg": "ok", "groupid": 268435456, "members":[{"userid": 1, "username":"11111111111", "nickname":"111", "facetype": 0, "customface":"", "gender":0, "birthday":0, "signature":"", "address": "", "phonenumber": "", "mail":"", "clienttype": 1, "status":1},{"userid": 2, "username":"22222222222", "nickname":"222", "facetype": 0, "customface":"", "gender":0, "birthday":0, "signature":"", "address": "", "phonenumber": "", "mail":"", "clienttype": 1, "status":1}]} - ClientSession.cpp:1019
20180903 10:05:06 INFO  Request from client: userid=2, cmd=1100, seq=16, data={"msgType":1,"time":1535940306,"clientType":1,"font":["微软雅黑",12,0,0,0,0],"content":[{"msgText":"gua"}]}, datalength=111, packageBodySize=130 - ClientSession.cpp:127
20180903 10:05:23 INFO  Request from client: userid=1, cmd=1004, seq=2, data={"type": 2, "username": "268435456"}, datalength=36, packageBodySize=51 - ClientSession.cpp:127
20180903 10:05:23 INFO  Response to client: userid = 1, cmd=msg_type_finduser, data={ "code": 0, "msg": "ok", "userinfo": [{"userid": 268435456, "username": "268435456", "nickname": "hello", "facetype":0}] } - ClientSession.cpp:639
20180903 10:05:29 INFO  Request from client: userid=1, cmd=1004, seq=3, data={"type": 2, "username": "268435457"}, datalength=36, packageBodySize=51 - ClientSession.cpp:127
20180903 10:05:29 INFO  Response to client: userid = 1, cmd=msg_type_finduser, data={ "code": 0, "msg": "ok", "userinfo": [{"userid": 268435457, "username": "268435457", "nickname": "world", "facetype":0}] } - ClientSession.cpp:639
20180903 10:05:30 INFO  Request from client: userid=1, cmd=1005, seq=4, data={"userid": 268435457, "type": 1}, datalength=32, packageBodySize=47 - ClientSession.cpp:127
20180903 10:05:30 INFO  Response to client: cmd=msg_type_addfriend, data={"userid": 268435457, "type": 3, "username": "world", "accept": 3}, userid=1 - ClientSession.cpp:777
20180903 10:05:30 INFO  Send to client: userid=1, cmd=msg_type_userstatuschange, data={"type": 3} - ClientSession.cpp:1055
20180903 10:05:30 INFO  Send to client: userid=2, cmd=msg_type_userstatuschange, data={"type": 3} - ClientSession.cpp:1055
20180903 10:05:30 INFO  Request from client: userid=2, cmd=1003, seq=17, data=, datalength=0, packageBodySize=15 - ClientSession.cpp:127
20180903 10:05:30 INFO  Response to client: userid=2, cmd=msg_type_getofriendlist, data={"code": 0, "msg": "ok", "userinfo":[{"teamindex": 0, "teamname" : "My Friends", "members" : [{"userid": 268435456,"username":"hello", "nickname":"hello", "facetype": 0, "customface":"", "gender":0, "birthday":0, "signature":"", "address": "", "phonenumber": "", "mail":"", "clienttype":1, "status":1},{"userid": 268435457,"username":"world", "nickname":"world", "facetype": 0, "customface":"", "gender":0, "birthday":0, "signature":"", "address": "", "phonenumber": "", "mail":"", "clienttype":1, "status":1}]}]} - ClientSession.cpp:541
20180903 10:05:31 INFO  Request from client: userid=1, cmd=1003, seq=5, data=, datalength=0, packageBodySize=15 - ClientSession.cpp:127
20180903 10:05:31 INFO  Response to client: userid=1, cmd=msg_type_getofriendlist, data={"code": 0, "msg": "ok", "userinfo":[{"teamindex": 0, "teamname" : "My Friends", "members" : [{"userid": 268435456,"username":"hello", "nickname":"hello", "facetype": 0, "customface":"", "gender":0, "birthday":0, "signature":"", "address": "", "phonenumber": "", "mail":"", "clienttype":1, "status":1},{"userid": 268435457,"username":"world", "nickname":"world", "facetype": 0, "customface":"", "gender":0, "birthday":0, "signature":"", "address": "", "phonenumber": "", "mail":"", "clienttype":1, "status":1}]}]} - ClientSession.cpp:541
20180903 10:05:31 INFO  Request from client: userid=1, cmd=1003, seq=6, data=, datalength=0, packageBodySize=15 - ClientSession.cpp:127
20180903 10:05:31 INFO  Response to client: userid=1, cmd=msg_type_getofriendlist, data={"code": 0, "msg": "ok", "userinfo":[{"teamindex": 0, "teamname" : "My Friends", "members" : [{"userid": 268435456,"username":"hello", "nickname":"hello", "facetype": 0, "customface":"", "gender":0, "birthday":0, "signature":"", "address": "", "phonenumber": "", "mail":"", "clienttype":1, "status":1},{"userid": 268435457,"username":"world", "nickname":"world", "facetype": 0, "customface":"", "gender":0, "birthday":0, "signature":"", "address": "", "phonenumber": "", "mail":"", "clienttype":1, "status":1}]}]} - ClientSession.cpp:541
20180903 10:05:31 INFO  Request from client: userid=2, cmd=1010, seq=18, data={"groupid": 268435456}, datalength=22, packageBodySize=37 - ClientSession.cpp:127
20180903 10:05:31 INFO  Response to client: userid=2, cmd=msg_type_getgroupmembers, data={"code": 0, "msg": "ok", "groupid": 268435456, "members":[{"userid": 1, "username":"11111111111", "nickname":"111", "facetype": 0, "customface":"", "gender":0, "birthday":0, "signature":"", "address": "", "phonenumber": "", "mail":"", "clienttype": 1, "status":1},{"userid": 2, "username":"22222222222", "nickname":"222", "facetype": 0, "customface":"", "gender":0, "birthday":0, "signature":"", "address": "", "phonenumber": "", "mail":"", "clienttype": 1, "status":1}]} - ClientSession.cpp:1019
20180903 10:05:31 INFO  Request from client: userid=1, cmd=1010, seq=7, data={"groupid": 268435456}, datalength=22, packageBodySize=37 - ClientSession.cpp:127
20180903 10:05:31 INFO  Response to client: userid=1, cmd=msg_type_getgroupmembers, data={"code": 0, "msg": "ok", "groupid": 268435456, "members":[{"userid": 1, "username":"11111111111", "nickname":"111", "facetype": 0, "customface":"", "gender":0, "birthday":0, "signature":"", "address": "", "phonenumber": "", "mail":"", "clienttype": 1, "status":1},{"userid": 2, "username":"22222222222", "nickname":"222", "facetype": 0, "customface":"", "gender":0, "birthday":0, "signature":"", "address": "", "phonenumber": "", "mail":"", "clienttype": 1, "status":1}]} - ClientSession.cpp:1019
20180903 10:05:31 INFO  Request from client: userid=2, cmd=1010, seq=19, data={"groupid": 268435457}, datalength=22, packageBodySize=37 - ClientSession.cpp:127
20180903 10:05:31 INFO  Response to client: userid=2, cmd=msg_type_getgroupmembers, data={"code": 0, "msg": "ok", "groupid": 268435457, "members":[{"userid": 1, "username":"11111111111", "nickname":"111", "facetype": 0, "customface":"", "gender":0, "birthday":0, "signature":"", "address": "", "phonenumber": "", "mail":"", "clienttype": 1, "status":1},{"userid": 2, "username":"22222222222", "nickname":"222", "facetype": 0, "customface":"", "gender":0, "birthday":0, "signature":"", "address": "", "phonenumber": "", "mail":"", "clienttype": 1, "status":1}]} - ClientSession.cpp:1019
20180903 10:05:31 INFO  Request from client: userid=1, cmd=1010, seq=8, data={"groupid": 268435457}, datalength=22, packageBodySize=37 - ClientSession.cpp:127
20180903 10:05:31 INFO  Response to client: userid=1, cmd=msg_type_getgroupmembers, data={"code": 0, "msg": "ok", "groupid": 268435457, "members":[{"userid": 1, "username":"11111111111", "nickname":"111", "facetype": 0, "customface":"", "gender":0, "birthday":0, "signature":"", "address": "", "phonenumber": "", "mail":"", "clienttype": 1, "status":1},{"userid": 2, "username":"22222222222", "nickname":"222", "facetype": 0, "customface":"", "gender":0, "birthday":0, "signature":"", "address": "", "phonenumber": "", "mail":"", "clienttype": 1, "status":1}]} - ClientSession.cpp:1019
20180903 10:05:31 INFO  Request from client: userid=1, cmd=1010, seq=9, data={"groupid": 268435456}, datalength=22, packageBodySize=37 - ClientSession.cpp:127
20180903 10:05:31 INFO  Response to client: userid=1, cmd=msg_type_getgroupmembers, data={"code": 0, "msg": "ok", "groupid": 268435456, "members":[{"userid": 1, "username":"11111111111", "nickname":"111", "facetype": 0, "customface":"", "gender":0, "birthday":0, "signature":"", "address": "", "phonenumber": "", "mail":"", "clienttype": 1, "status":1},{"userid": 2, "username":"22222222222", "nickname":"222", "facetype": 0, "customface":"", "gender":0, "birthday":0, "signature":"", "address": "", "phonenumber": "", "mail":"", "clienttype": 1, "status":1}]} - ClientSession.cpp:1019
20180903 10:05:31 INFO  Request from client: userid=1, cmd=1010, seq=10, data={"groupid": 268435457}, datalength=22, packageBodySize=37 - ClientSession.cpp:127
20180903 10:05:31 INFO  Response to client: userid=1, cmd=msg_type_getgroupmembers, data={"code": 0, "msg": "ok", "groupid": 268435457, "members":[{"userid": 1, "username":"11111111111", "nickname":"111", "facetype": 0, "customface":"", "gender":0, "birthday":0, "signature":"", "address": "", "phonenumber": "", "mail":"", "clienttype": 1, "status":1},{"userid": 2, "username":"22222222222", "nickname":"222", "facetype": 0, "customface":"", "gender":0, "birthday":0, "signature":"", "address": "", "phonenumber": "", "mail":"", "clienttype": 1, "status":1}]} - ClientSession.cpp:1019
20180903 10:05:38 INFO  Request from client: userid=1, cmd=1003, seq=11, data=, datalength=0, packageBodySize=15 - ClientSession.cpp:127
20180903 10:05:38 INFO  Response to client: userid=1, cmd=msg_type_getofriendlist, data={"code": 0, "msg": "ok", "userinfo":[{"teamindex": 0, "teamname" : "My Friends", "members" : [{"userid": 268435456,"username":"hello", "nickname":"hello", "facetype": 0, "customface":"", "gender":0, "birthday":0, "signature":"", "address": "", "phonenumber": "", "mail":"", "clienttype":1, "status":1},{"userid": 268435457,"username":"world", "nickname":"world", "facetype": 0, "customface":"", "gender":0, "birthday":0, "signature":"", "address": "", "phonenumber": "", "mail":"", "clienttype":1, "status":1}]}]} - ClientSession.cpp:541
20180903 10:05:38 INFO  Request from client: userid=1, cmd=1010, seq=12, data={"groupid": 268435456}, datalength=22, packageBodySize=37 - ClientSession.cpp:127
20180903 10:05:38 INFO  Response to client: userid=1, cmd=msg_type_getgroupmembers, data={"code": 0, "msg": "ok", "groupid": 268435456, "members":[{"userid": 1, "username":"11111111111", "nickname":"111", "facetype": 0, "customface":"", "gender":0, "birthday":0, "signature":"", "address": "", "phonenumber": "", "mail":"", "clienttype": 1, "status":1},{"userid": 2, "username":"22222222222", "nickname":"222", "facetype": 0, "customface":"", "gender":0, "birthday":0, "signature":"", "address": "", "phonenumber": "", "mail":"", "clienttype": 1, "status":1}]} - ClientSession.cpp:1019
20180903 10:05:38 INFO  Request from client: userid=1, cmd=1010, seq=13, data={"groupid": 268435457}, datalength=22, packageBodySize=37 - ClientSession.cpp:127
20180903 10:05:38 INFO  Response to client: userid=1, cmd=msg_type_getgroupmembers, data={"code": 0, "msg": "ok", "groupid": 268435457, "members":[{"userid": 1, "username":"11111111111", "nickname":"111", "facetype": 0, "customface":"", "gender":0, "birthday":0, "signature":"", "address": "", "phonenumber": "", "mail":"", "clienttype": 1, "status":1},{"userid": 2, "username":"22222222222", "nickname":"222", "facetype": 0, "customface":"", "gender":0, "birthday":0, "signature":"", "address": "", "phonenumber": "", "mail":"", "clienttype": 1, "status":1}]} - ClientSession.cpp:1019
20180903 10:05:45 INFO  Request from client: userid=1, cmd=1100, seq=14, data={"msgType":1,"time":1535940345,"clientType":1,"font":["微软雅黑",12,0,0,0,0],"content":[{"msgText":"gua"}]}, datalength=111, packageBodySize=130 - ClientSession.cpp:127
20180903 10:06:00 INFO  Request from client: userid=2, cmd=1004, seq=20, data={"type": 1, "username": "11111111111"}, datalength=38, packageBodySize=53 - ClientSession.cpp:127
20180903 10:06:00 INFO  Response to client: userid = 2, cmd=msg_type_finduser, data={ "code": 0, "msg": "ok", "userinfo": [{"userid": 1, "username": "11111111111", "nickname": "111", "facetype":0}] } - ClientSession.cpp:639
20180903 10:06:01 INFO  Request from client: userid=2, cmd=1005, seq=21, data={"userid": 1, "type": 1}, datalength=24, packageBodySize=39 - ClientSession.cpp:127
20180903 10:06:01 INFO  Response to client: userid = 1, cmd=msg_type_addfriend, data={"userid": 1, "type": 1} - ClientSession.cpp:757
20180903 10:06:09 INFO  Request from client: userid=1, cmd=1005, seq=15, data={"userid": 2, "type": 3, "accept": 1}, datalength=37, packageBodySize=52 - ClientSession.cpp:127
20180903 10:06:09 INFO  Response to client: userid=1, cmd=msg_type_addfriend, data={"userid": 2, "type": 3, "username": "22222222222", "accept": 1} - ClientSession.cpp:729
20180903 10:06:09 INFO  Response to client: userid = 2, cmd=msg_type_addfriend, data={"userid": 2, "type": 3, "accept": 1} - ClientSession.cpp:757
20180903 10:06:09 INFO  Request from client: userid=1, cmd=1003, seq=16, data=, datalength=0, packageBodySize=15 - ClientSession.cpp:127
20180903 10:06:09 INFO  Response to client: userid=1, cmd=msg_type_getofriendlist, data={"code": 0, "msg": "ok", "userinfo":[{"teamindex": 0, "teamname" : "My Friends", "members" : [{"userid": 2,"username":"22222222222", "nickname":"222", "facetype": 0, "customface":"", "gender":0, "birthday":0, "signature":"", "address": "", "phonenumber": "", "mail":"", "clienttype":0, "status":0},{"userid": 268435456,"username":"hello", "nickname":"hello", "facetype": 0, "customface":"", "gender":0, "birthday":0, "signature":"", "address": "", "phonenumber": "", "mail":"", "clienttype":1, "status":1},{"userid": 268435457,"username":"world", "nickname":"world", "facetype": 0, "customface":"", "gender":0, "birthday":0, "signature":"", "address": "", "phonenumber": "", "mail":"", "clienttype":1, "status":1}]}]} - ClientSession.cpp:541
20180903 10:06:09 INFO  Request from client: userid=2, cmd=1003, seq=22, data=, datalength=0, packageBodySize=15 - ClientSession.cpp:127
20180903 10:06:09 INFO  Response to client: userid=2, cmd=msg_type_getofriendlist, data={"code": 0, "msg": "ok", "userinfo":[{"teamindex": 0, "teamname" : "My Friends", "members" : [{"userid": 1,"username":"11111111111", "nickname":"111", "facetype": 0, "customface":"", "gender":0, "birthday":0, "signature":"", "address": "", "phonenumber": "", "mail":"", "clienttype":0, "status":0},{"userid": 268435456,"username":"hello", "nickname":"hello", "facetype": 0, "customface":"", "gender":0, "birthday":0, "signature":"", "address": "", "phonenumber": "", "mail":"", "clienttype":1, "status":1},{"userid": 268435457,"username":"world", "nickname":"world", "facetype": 0, "customface":"", "gender":0, "birthday":0, "signature":"", "address": "", "phonenumber": "", "mail":"", "clienttype":1, "status":1}]}]} - ClientSession.cpp:541
20180903 10:06:09 INFO  Request from client: userid=1, cmd=1010, seq=17, data={"groupid": 268435456}, datalength=22, packageBodySize=37 - ClientSession.cpp:127
20180903 10:06:09 INFO  Response to client: userid=1, cmd=msg_type_getgroupmembers, data={"code": 0, "msg": "ok", "groupid": 268435456, "members":[{"userid": 1, "username":"11111111111", "nickname":"111", "facetype": 0, "customface":"", "gender":0, "birthday":0, "signature":"", "address": "", "phonenumber": "", "mail":"", "clienttype": 1, "status":1},{"userid": 2, "username":"22222222222", "nickname":"222", "facetype": 0, "customface":"", "gender":0, "birthday":0, "signature":"", "address": "", "phonenumber": "", "mail":"", "clienttype": 1, "status":1}]} - ClientSession.cpp:1019
20180903 10:06:09 INFO  Request from client: userid=2, cmd=1010, seq=23, data={"groupid": 268435456}, datalength=22, packageBodySize=37 - ClientSession.cpp:127
20180903 10:06:09 INFO  Response to client: userid=2, cmd=msg_type_getgroupmembers, data={"code": 0, "msg": "ok", "groupid": 268435456, "members":[{"userid": 1, "username":"11111111111", "nickname":"111", "facetype": 0, "customface":"", "gender":0, "birthday":0, "signature":"", "address": "", "phonenumber": "", "mail":"", "clienttype": 1, "status":1},{"userid": 2, "username":"22222222222", "nickname":"222", "facetype": 0, "customface":"", "gender":0, "birthday":0, "signature":"", "address": "", "phonenumber": "", "mail":"", "clienttype": 1, "status":1}]} - ClientSession.cpp:1019
20180903 10:06:09 INFO  Request from client: userid=1, cmd=1010, seq=18, data={"groupid": 268435457}, datalength=22, packageBodySize=37 - ClientSession.cpp:127
20180903 10:06:09 INFO  Response to client: userid=1, cmd=msg_type_getgroupmembers, data={"code": 0, "msg": "ok", "groupid": 268435457, "members":[{"userid": 1, "username":"11111111111", "nickname":"111", "facetype": 0, "customface":"", "gender":0, "birthday":0, "signature":"", "address": "", "phonenumber": "", "mail":"", "clienttype": 1, "status":1},{"userid": 2, "username":"22222222222", "nickname":"222", "facetype": 0, "customface":"", "gender":0, "birthday":0, "signature":"", "address": "", "phonenumber": "", "mail":"", "clienttype": 1, "status":1}]} - ClientSession.cpp:1019
20180903 10:06:09 INFO  Request from client: userid=2, cmd=1010, seq=24, data={"groupid": 268435457}, datalength=22, packageBodySize=37 - ClientSession.cpp:127
20180903 10:06:09 INFO  Response to client: userid=2, cmd=msg_type_getgroupmembers, data={"code": 0, "msg": "ok", "groupid": 268435457, "members":[{"userid": 1, "username":"11111111111", "nickname":"111", "facetype": 0, "customface":"", "gender":0, "birthday":0, "signature":"", "address": "", "phonenumber": "", "mail":"", "clienttype": 1, "status":1},{"userid": 2, "username":"22222222222", "nickname":"222", "facetype": 0, "customface":"", "gender":0, "birthday":0, "signature":"", "address": "", "phonenumber": "", "mail":"", "clienttype": 1, "status":1}]} - ClientSession.cpp:1019
20180903 10:06:11 INFO  Request from client: userid=1, cmd=1003, seq=19, data=, datalength=0, packageBodySize=15 - ClientSession.cpp:127
20180903 10:06:11 INFO  Response to client: userid=1, cmd=msg_type_getofriendlist, data={"code": 0, "msg": "ok", "userinfo":[{"teamindex": 0, "teamname" : "My Friends", "members" : [{"userid": 2,"username":"22222222222", "nickname":"222", "facetype": 0, "customface":"", "gender":0, "birthday":0, "signature":"", "address": "", "phonenumber": "", "mail":"", "clienttype":0, "status":0},{"userid": 268435456,"username":"hello", "nickname":"hello", "facetype": 0, "customface":"", "gender":0, "birthday":0, "signature":"", "address": "", "phonenumber": "", "mail":"", "clienttype":1, "status":1},{"userid": 268435457,"username":"world", "nickname":"world", "facetype": 0, "customface":"", "gender":0, "birthday":0, "signature":"", "address": "", "phonenumber": "", "mail":"", "clienttype":1, "status":1}]}]} - ClientSession.cpp:541
20180903 10:06:11 INFO  Request from client: userid=1, cmd=1010, seq=20, data={"groupid": 268435456}, datalength=22, packageBodySize=37 - ClientSession.cpp:127
20180903 10:06:11 INFO  Response to client: userid=1, cmd=msg_type_getgroupmembers, data={"code": 0, "msg": "ok", "groupid": 268435456, "members":[{"userid": 1, "username":"11111111111", "nickname":"111", "facetype": 0, "customface":"", "gender":0, "birthday":0, "signature":"", "address": "", "phonenumber": "", "mail":"", "clienttype": 1, "status":1},{"userid": 2, "username":"22222222222", "nickname":"222", "facetype": 0, "customface":"", "gender":0, "birthday":0, "signature":"", "address": "", "phonenumber": "", "mail":"", "clienttype": 1, "status":1}]} - ClientSession.cpp:1019
20180903 10:06:11 INFO  Request from client: userid=1, cmd=1010, seq=21, data={"groupid": 268435457}, datalength=22, packageBodySize=37 - ClientSession.cpp:127
20180903 10:06:11 INFO  Response to client: userid=1, cmd=msg_type_getgroupmembers, data={"code": 0, "msg": "ok", "groupid": 268435457, "members":[{"userid": 1, "username":"11111111111", "nickname":"111", "facetype": 0, "customface":"", "gender":0, "birthday":0, "signature":"", "address": "", "phonenumber": "", "mail":"", "clienttype": 1, "status":1},{"userid": 2, "username":"22222222222", "nickname":"222", "facetype": 0, "customface":"", "gender":0, "birthday":0, "signature":"", "address": "", "phonenumber": "", "mail":"", "clienttype": 1, "status":1}]} - ClientSession.cpp:1019
20180903 10:06:13 INFO  Request from client: userid=2, cmd=1003, seq=25, data=, datalength=0, packageBodySize=15 - ClientSession.cpp:127
20180903 10:06:13 INFO  Response to client: userid=2, cmd=msg_type_getofriendlist, data={"code": 0, "msg": "ok", "userinfo":[{"teamindex": 0, "teamname" : "My Friends", "members" : [{"userid": 1,"username":"11111111111", "nickname":"111", "facetype": 0, "customface":"", "gender":0, "birthday":0, "signature":"", "address": "", "phonenumber": "", "mail":"", "clienttype":0, "status":0},{"userid": 268435456,"username":"hello", "nickname":"hello", "facetype": 0, "customface":"", "gender":0, "birthday":0, "signature":"", "address": "", "phonenumber": "", "mail":"", "clienttype":1, "status":1},{"userid": 268435457,"username":"world", "nickname":"world", "facetype": 0, "customface":"", "gender":0, "birthday":0, "signature":"", "address": "", "phonenumber": "", "mail":"", "clienttype":1, "status":1}]}]} - ClientSession.cpp:541
20180903 10:06:13 INFO  Request from client: userid=2, cmd=1010, seq=26, data={"groupid": 268435456}, datalength=22, packageBodySize=37 - ClientSession.cpp:127
20180903 10:06:13 INFO  Response to client: userid=2, cmd=msg_type_getgroupmembers, data={"code": 0, "msg": "ok", "groupid": 268435456, "members":[{"userid": 1, "username":"11111111111", "nickname":"111", "facetype": 0, "customface":"", "gender":0, "birthday":0, "signature":"", "address": "", "phonenumber": "", "mail":"", "clienttype": 1, "status":1},{"userid": 2, "username":"22222222222", "nickname":"222", "facetype": 0, "customface":"", "gender":0, "birthday":0, "signature":"", "address": "", "phonenumber": "", "mail":"", "clienttype": 1, "status":1}]} - ClientSession.cpp:1019
20180903 10:06:13 INFO  Request from client: userid=2, cmd=1010, seq=27, data={"groupid": 268435457}, datalength=22, packageBodySize=37 - ClientSession.cpp:127
20180903 10:06:13 INFO  Response to client: userid=2, cmd=msg_type_getgroupmembers, data={"code": 0, "msg": "ok", "groupid": 268435457, "members":[{"userid": 1, "username":"11111111111", "nickname":"111", "facetype": 0, "customface":"", "gender":0, "birthday":0, "signature":"", "address": "", "phonenumber": "", "mail":"", "clienttype": 1, "status":1},{"userid": 2, "username":"22222222222", "nickname":"222", "facetype": 0, "customface":"", "gender":0, "birthday":0, "signature":"", "address": "", "phonenumber": "", "mail":"", "clienttype": 1, "status":1}]} - ClientSession.cpp:1019
20180903 10:06:19 INFO  Request from client: userid=2, cmd=1100, seq=28, data={"msgType":1,"time":1535940378,"clientType":1,"font":["微软雅黑",12,0,0,0,0],"content":[{"msgText":"gua"}]}, datalength=111, packageBodySize=130 - ClientSession.cpp:127
20180903 10:06:27 INFO  Request from client: userid=1, cmd=1100, seq=22, data={"msgType":1,"time":1535940386,"clientType":1,"font":["微软雅黑",12,0,0,0,0],"content":[{"msgText":"gua"}]}, datalength=111, packageBodySize=130 - ClientSession.cpp:127
20180903 10:06:43 ERROR TcpConnection::handleError [ZYL-MYIMSERVER:0.0.0.0:52822#3] - SO_ERROR = 104 Connection reset by peer - tcpconnection.cpp:393
20180903 10:06:43 INFO  Send to client: userid=2, cmd=msg_type_userstatuschange, data={"type": 2, "onlinestatus": 0} - ClientSession.cpp:1055
20180903 10:06:43 INFO  SendUserStatusChangeMsg to user(userid=2): user go offline, offline userid = 1 - IMServer.cpp:88
20180903 10:06:43 INFO  client disconnected: 120.236.177.88:289 - IMServer.cpp:103
20180903 10:06:43 INFO  current online user count: 1 - IMServer.cpp:108
20180903 10:06:43 INFO  TcpServer::removeConnectionInLoop [ZYL-MYIMSERVER] - connection ZYL-MYIMSERVER:0.0.0.0:52822#3 - tcpserver.cpp:103
20180903 10:06:43 DEBUG ~TcpConnection TcpConnection::dtor[ZYL-MYIMSERVER:0.0.0.0:52822#3] at 0x1D0E5E0 fd=23 state=kDisconnected - tcpconnection.cpp:52
20180903 10:06:43 ERROR Bad file descriptor (errno=9) sockets::close - sockets.cpp:272
20180903 10:06:44 ERROR TcpConnection::handleError [ZYL-MYIMSERVER:0.0.0.0:52822#2] - SO_ERROR = 104 Connection reset by peer - tcpconnection.cpp:393
20180903 10:06:44 INFO  client disconnected: 120.236.177.88:17931 - IMServer.cpp:103
20180903 10:06:44 INFO  current online user count: 0 - IMServer.cpp:108
20180903 10:06:44 INFO  TcpServer::removeConnectionInLoop [ZYL-MYIMSERVER] - connection ZYL-MYIMSERVER:0.0.0.0:52822#2 - tcpserver.cpp:103
20180903 10:06:44 DEBUG ~TcpConnection TcpConnection::dtor[ZYL-MYIMSERVER:0.0.0.0:52822#2] at 0x1D0D920 fd=22 state=kDisconnected - tcpconnection.cpp:52
20180903 10:06:44 ERROR Bad file descriptor (errno=9) sockets::close - sockets.cpp:272
