20180331 10:54:08 INFO  show databases - databasemysql.cpp:92
20180331 10:54:08 INFO  CMysqlManager::_IsDBExist, no database(myim) - mysqlmanager.cpp:230
20180331 10:54:08 INFO  CMysqlManager::_CreateDB, create database myim success - mysqlmanager.cpp:251
20180331 10:54:08 INFO  desc t_user - databasemysql.cpp:92
20180331 10:54:08 INFO  CDatabaseMysql::Query, mysql is abnormal, errno : 1146 - databasemysql.cpp:97
20180331 10:54:08 ERROR SQL: desc t_user - databasemysql.cpp:116
20180331 10:54:08 ERROR query ERROR: Table 'myim.t_user' doesn't exist - databasemysql.cpp:117
20180331 10:54:08 INFO  CMysqlManager::_CheckTable, no tablet_user, begin create..... - mysqlmanager.cpp:283
20180331 10:54:08 INFO  CMysqlManager::_CheckTable, t_user, end create..... - mysqlmanager.cpp:286
20180331 10:54:08 INFO  desc t_user_relationship - databasemysql.cpp:92
20180331 10:54:08 INFO  CDatabaseMysql::Query, mysql is abnormal, errno : 1146 - databasemysql.cpp:97
20180331 10:54:08 ERROR SQL: desc t_user_relationship - databasemysql.cpp:116
20180331 10:54:08 ERROR query ERROR: Table 'myim.t_user_relationship' doesn't exist - databasemysql.cpp:117
20180331 10:54:08 INFO  CMysqlManager::_CheckTable, no tablet_user_relationship, begin create..... - mysqlmanager.cpp:283
20180331 10:54:08 INFO  CMysqlManager::_CheckTable, t_user_relationship, end create..... - mysqlmanager.cpp:286
20180331 10:54:08 INFO  desc t_chatmsg - databasemysql.cpp:92
20180331 10:54:08 INFO  CDatabaseMysql::Query, mysql is abnormal, errno : 1146 - databasemysql.cpp:97
20180331 10:54:08 ERROR SQL: desc t_chatmsg - databasemysql.cpp:116
20180331 10:54:08 ERROR query ERROR: Table 'myim.t_chatmsg' doesn't exist - databasemysql.cpp:117
20180331 10:54:08 INFO  CMysqlManager::_CheckTable, no tablet_chatmsg, begin create..... - mysqlmanager.cpp:283
20180331 10:54:08 INFO  CMysqlManager::_CheckTable, t_chatmsg, end create..... - mysqlmanager.cpp:286
20180331 10:54:08 INFO  desc t_device - databasemysql.cpp:92
20180331 10:54:08 INFO  CDatabaseMysql::Query, mysql is abnormal, errno : 1146 - databasemysql.cpp:97
20180331 10:54:08 ERROR SQL: desc t_device - databasemysql.cpp:116
20180331 10:54:08 ERROR query ERROR: Table 'myim.t_device' doesn't exist - databasemysql.cpp:117
20180331 10:54:08 INFO  CMysqlManager::_CheckTable, no tablet_device, begin create..... - mysqlmanager.cpp:283
20180331 10:54:08 INFO  CMysqlManager::_CheckTable, t_device, end create..... - mysqlmanager.cpp:286
20180331 10:54:08 INFO  SELECT f_user_id, f_username, f_nickname, f_password,  f_facetype, f_customface, f_gender, f_birthday, f_signature, f_address, f_phonenumber, f_mail FROM t_user ORDER BY  f_user_id DESC - databasemysql.cpp:92
20180331 10:54:08 INFO  current base userid: 0, current base group id: 268435455 - UserManager.cpp:103
20180331 10:54:08 INFO  chatserver initialization complete. - main.cpp:161
